<?xml version="1.0" encoding="UTF-8"?>
<!-- Generated by org.testng.reporters.JUnitReportReporter -->
<testsuite skipped="0" hostname="ATMECSINLT-084" name="com.HappyEsayGo.TestScript.Cleartrippage1" tests="4" failures="0" timestamp="05 Sep 2019 05:18:28 GMT" time="140.870" errors="0">
  <testcase name="setBrowser" time="36.629" classname="com.HappyEsayGo.TestScript.Cleartrippage1"/>
  <testcase name="setBrowser" time="31.203" classname="com.HappyEsayGo.TestScript.Cleartrippage1"/>
  <testcase name="Ctrip" time="34.380" classname="com.HappyEsayGo.TestScript.Cleartrippage1"/>
  <testcase name="Ctrip" time="38.658" classname="com.HappyEsayGo.TestScript.Cleartrippage1"/>
</testsuite> <!-- com.HappyEsayGo.TestScript.Cleartrippage1 -->
