<?xml version="1.0" encoding="UTF-8"?>
<!-- Generated by org.testng.reporters.JUnitReportReporter -->
<testsuite skipped="0" hostname="ATMECSINLT-084" name="com.HappyEsayGo.TestScript.CThomeforRoundtrip2$searchflight" tests="2" failures="0" timestamp="05 Sep 2019 09:50:05 GMT" time="13.391" errors="0">
  <testcase name="roundtripbooking" time="8.471" classname="com.HappyEsayGo.TestScript.CThomeforRoundtrip2$searchflight"/>
  <testcase name="searchflight1" time="4.920" classname="com.HappyEsayGo.TestScript.CThomeforRoundtrip2$searchflight"/>
</testsuite> <!-- com.HappyEsayGo.TestScript.CThomeforRoundtrip2$searchflight -->
