<?xml version="1.0" encoding="UTF-8"?>
<!-- Generated by org.testng.reporters.JUnitReportReporter -->
<testsuite skipped="0" hostname="ATMECSINLT-084" name="com.HappyEsayGo.TestScript.CThomeforRoundtrip4" tests="4" failures="0" timestamp="05 Sep 2019 13:22:47 GMT" time="70.472" errors="0">
  <testcase name="roundtripbooking" time="10.380" classname="com.HappyEsayGo.TestScript.CThomeforRoundtrip4"/>
  <testcase name="Search" time="2.962" classname="com.HappyEsayGo.TestScript.CThomeforRoundtrip4"/>
  <testcase name="roundtripbooking3" time="43.346" classname="com.HappyEsayGo.TestScript.CThomeforRoundtrip4"/>
  <testcase name="roundtripbooking4" time="13.784" classname="com.HappyEsayGo.TestScript.CThomeforRoundtrip4"/>
</testsuite> <!-- com.HappyEsayGo.TestScript.CThomeforRoundtrip4 -->
