<?xml version="1.0" encoding="UTF-8"?>
<!-- Generated by org.testng.reporters.JUnitReportReporter -->
<testsuite skipped="0" hostname="ATMECSINLT-084" name="com.HappyEsayGo.TestScript.CThomeforRoundtrip" tests="1" failures="0" timestamp="05 Sep 2019 07:22:59 GMT" time="12.050" errors="0">
  <testcase name="roundtripbooking" time="12.050" classname="com.HappyEsayGo.TestScript.CThomeforRoundtrip"/>
</testsuite> <!-- com.HappyEsayGo.TestScript.CThomeforRoundtrip -->
