<?xml version="1.0" encoding="UTF-8"?>
<!-- Generated by org.testng.reporters.JUnitReportReporter -->
<testsuite skipped="0" hostname="ATMECSINLT-084" name="com.HappyEsayGo.TestScript.Cleartrip" tests="1" failures="0" timestamp="04 Sep 2019 14:13:59 GMT" time="28.765" errors="0">
  <testcase name="Ctrip" time="28.765" classname="com.HappyEsayGo.TestScript.Cleartrip"/>
</testsuite> <!-- com.HappyEsayGo.TestScript.Cleartrip -->
