<?xml version="1.0" encoding="UTF-8"?>
<!-- Generated by org.testng.reporters.JUnitReportReporter -->
<testsuite skipped="0" hostname="ATMECSINLT-084" name="com.HappyEsayGo.TestScript.CThomeforRoundtrip3" tests="3" failures="0" timestamp="05 Sep 2019 13:15:41 GMT" time="50.272" errors="0">
  <testcase name="roundtripbooking" time="10.291" classname="com.HappyEsayGo.TestScript.CThomeforRoundtrip3"/>
  <testcase name="Search" time="2.908" classname="com.HappyEsayGo.TestScript.CThomeforRoundtrip3"/>
  <testcase name="roundtripbooking3" time="37.073" classname="com.HappyEsayGo.TestScript.CThomeforRoundtrip3"/>
</testsuite> <!-- com.HappyEsayGo.TestScript.CThomeforRoundtrip3 -->
