<?xml version="1.0" encoding="UTF-8"?>
<!-- Generated by org.testng.reporters.JUnitReportReporter -->
<testsuite skipped="0" hostname="ATMECSINLT-084" name="com.HappyEsayGo.TestScript.CThomeforRoundtrip2" tests="2" failures="0" timestamp="05 Sep 2019 13:08:46 GMT" time="12.970" errors="0">
  <testcase name="roundtripbooking" time="9.803" classname="com.HappyEsayGo.TestScript.CThomeforRoundtrip2"/>
  <testcase name="Search" time="3.167" classname="com.HappyEsayGo.TestScript.CThomeforRoundtrip2"/>
</testsuite> <!-- com.HappyEsayGo.TestScript.CThomeforRoundtrip2 -->
